d:\projects\boring\boring\x64\debug\vc142.pdb
d:\projects\boring\boring\x64\debug\vc142.idb
d:\projects\boring\boring\x64\debug\loader.obj
d:\projects\boring\boring\x64\debug\light.obj
d:\projects\boring\boring\x64\debug\instancerendersystem.obj
d:\projects\boring\boring\x64\debug\input.obj
d:\projects\boring\boring\x64\debug\guirendersystem.obj
d:\projects\boring\boring\x64\debug\framebuffer.obj
d:\projects\boring\boring\x64\debug\entityhandler.obj
d:\projects\boring\boring\x64\debug\emptyrenderer.obj
d:\projects\boring\boring\x64\debug\customrendersystem.obj
d:\projects\boring\boring\x64\debug\custominstancerenderer.obj
d:\projects\boring\boring\x64\debug\combinefilter.obj
d:\projects\boring\boring\x64\debug\clothsystem.obj
d:\projects\boring\boring\x64\debug\boundingboxrenderer.obj
d:\projects\boring\boring\x64\debug\billboard.obj
d:\projects\boring\boring\x64\debug\asdloader.obj
d:\projects\boring\boring\x64\debug\animation.obj
d:\projects\boring\boring\x64\debug\animatedtransformationsystem.obj
d:\projects\boring\boring\x64\debug\animatedshader.obj
d:\projects\boring\boring\x64\debug\animatedmeshrenderer.obj
d:\projects\boring\boring\x64\debug\animatedmesh.obj
d:\projects\boring\boring\x64\debug\transformation.obj
d:\projects\boring\boring\x64\debug\texture.obj
d:\projects\boring\boring\x64\debug\teststate.obj
d:\projects\boring\boring\x64\debug\system.obj
d:\projects\boring\boring\x64\debug\state.obj
d:\projects\boring\boring\x64\debug\shadowframebuffer.obj
d:\projects\boring\boring\x64\debug\shader.obj
d:\projects\boring\boring\x64\debug\rendersystem.obj
d:\projects\boring\boring\x64\debug\quaternion.obj
d:\projects\boring\boring\x64\debug\postrendersystem.obj
d:\projects\boring\boring\x64\debug\physicstest.obj
d:\projects\boring\boring\x64\debug\particlesystem.obj
d:\projects\boring\boring\x64\debug\particleshader.obj
d:\projects\boring\boring\x64\debug\particlerenderer.obj
d:\projects\boring\boring\x64\debug\particleloader.obj
d:\projects\boring\boring\x64\debug\objloader.obj
d:\projects\boring\boring\x64\debug\movementsystem.obj
d:\projects\boring\boring\x64\debug\mesh.obj
d:\projects\boring\boring\x64\debug\main.obj
d:\projects\boring\boring\x64\debug\window.obj
d:\projects\boring\boring\x64\debug\vertex.obj
d:\projects\boring\boring\x64\debug\transformationsystem.obj
d:\projects\boring\boring\x64\debug\boring.tlog\cl.command.1.tlog
d:\projects\boring\boring\x64\debug\boring.tlog\cl.read.1.tlog
d:\projects\boring\boring\x64\debug\boring.tlog\cl.write.1.tlog
